<?xml version="1.0" encoding="UTF-8"?>
<!-- Generated by org.testng.reporters.JUnitReportReporter -->
<testsuite skipped="0" hostname="HYD-BHAKUM-MOB" name="com.centime.selenium.test.AuthorizationNegativeTest" tests="1" failures="0" timestamp="2020-05-11T13:17:40 IST" time="79.499" errors="0">
  <testcase name="authorizationValidationErrorsTest" time="79.499" classname="com.centime.selenium.test.AuthorizationNegativeTest"/>
</testsuite> <!-- com.centime.selenium.test.AuthorizationNegativeTest -->
