<?xml version="1.0" encoding="UTF-8"?>
<!-- Generated by org.testng.reporters.JUnitReportReporter -->
<testsuite skipped="0" hostname="HYD-BHAKUM-MOB" name="com.centime.selenium.test.AuthorizationTest" tests="1" failures="0" timestamp="2020-05-11T00:18:26 IST" time="23.592" errors="0">
  <testcase name="authorizationCreationTest" time="23.592" classname="com.centime.selenium.test.AuthorizationTest"/>
</testsuite> <!-- com.centime.selenium.test.AuthorizationTest -->
