<?xml version="1.0" encoding="UTF-8"?>
<!-- Generated by org.testng.reporters.JUnitReportReporter -->
<testsuite skipped="0" hostname="HYD-BHAKUM-MOB" name="com.centime.selenium.test.AuthorizationPositiveTest" tests="2" failures="0" timestamp="2020-05-11T00:30:03 IST" time="37.901" errors="0">
  <testcase name="authorizationCheckEmailNotExistTest" time="16.577" classname="com.centime.selenium.test.AuthorizationPositiveTest"/>
  <testcase name="authorizationCreationTest" time="21.324" classname="com.centime.selenium.test.AuthorizationPositiveTest"/>
</testsuite> <!-- com.centime.selenium.test.AuthorizationPositiveTest -->
